<?xml version="1.0" encoding="UTF-8"?>
<!-- Generated by org.testng.reporters.JUnitXMLReporter -->
<testsuite ignored="0" hostname="LAPTOP-P7INNGLR" failures="1" tests="6" name="Default test(failed)" time="0.083" errors="0" timestamp="2024-09-23T11:39:00 IST">
  <testcase classname="practicetestng.InvoiceTest" name="activatesim" time="0.017">
    <skipped/>
  </testcase> <!-- activatesim -->
  <testcase classname="practicetestng.InvoiceTest" name="activatesim" time="0.001">
    <skipped/>
  </testcase> <!-- activatesim -->
  <testcase classname="practicetestng.InvoiceTest" name="activatesim" time="0.002">
    <skipped/>
  </testcase> <!-- activatesim -->
  <testcase classname="practicetestng.InvoiceTest" name="activatesim" time="0.001">
    <skipped/>
  </testcase> <!-- activatesim -->
  <testcase classname="practicetestng.InvoiceTest" name="activatesim" time="0.002">
    <skipped/>
  </testcase> <!-- activatesim -->
  <testcase classname="practicetestng.InvoiceTest" name="activatesim" time="0.001">
    <failure type="java.lang.AssertionError" message="expected [Login] but found []">
      <![CDATA[java.lang.AssertionError: expected [Login] but found []
at practicetestng.InvoiceTest.activatesim(InvoiceTest.java:12)
at java.base/java.util.ArrayList.forEach(ArrayList.java:1596)
... Removed 31 stack frames]]>
    </failure>
  </testcase> <!-- activatesim -->
</testsuite> <!-- Default test(failed) -->
